#
# There is insufficient memory for the Java Runtime Environment to continue.
# Native memory allocation (mmap) failed to map 266338304 bytes for G1 virtual space
# Possible reasons:
#   The system is out of physical RAM or swap space
#   The process is running with CompressedOops enabled, and the Java Heap may be blocking the growth of the native heap
# Possible solutions:
#   Reduce memory load on the system
#   Increase physical memory or swap space
#   Check if swap backing store is full
#   Decrease Java heap size (-Xmx/-Xms)
#   Decrease number of Java threads
#   Decrease Java thread stack sizes (-Xss)
#   Set larger code cache with -XX:ReservedCodeCacheSize=
#   JVM is running with Zero Based Compressed Oops mode in which the Java heap is
#     placed in the first 32GB address space. The Java Heap base address is the
#     maximum limit for the native heap growth. Please use -XX:HeapBaseMinAddress
#     to set the Java Heap base and to place the Java Heap above 32GB virtual address.
# This output file may be truncated or incomplete.
#
#  Out of Memory Error (os_windows.cpp:3548), pid=21500, tid=13512
#
# JRE version:  (17.0.11+7) (build )
# Java VM: Java HotSpot(TM) 64-Bit Server VM (17.0.11+7-LTS-207, mixed mode, sharing, tiered, compressed oops, compressed class ptrs, g1 gc, windows-amd64)
# No core dump will be written. Minidumps are not enabled by default on client versions of Windows
#

---------------  S U M M A R Y ------------

Command Line: -Dfile.encoding=UTF-8 -Dstdout.encoding=UTF-8 -Dstderr.encoding=UTF-8 -XX:+ShowCodeDetailsInExceptionMessages food.main.IndexMain

Host: Intel(R) Core(TM) i7-9700 CPU @ 3.00GHz, 8 cores, 15G,  Windows 11 , 64 bit Build 22621 (10.0.22621.3672)
Time: Fri Aug  2 14:36:28 2024  Windows 11 , 64 bit Build 22621 (10.0.22621.3672) elapsed time: 0.012458 seconds (0d 0h 0m 0s)

---------------  T H R E A D  ---------------

Current thread (0x0000016af6bdedd0):  JavaThread "Unknown thread" [_thread_in_vm, id=13512, stack(0x000000421de00000,0x000000421df00000)]

Stack: [0x000000421de00000,0x000000421df00000]
Native frames: (J=compiled Java code, j=interpreted, Vv=VM code, C=native code)
V  [jvm.dll+0x679cca]
V  [jvm.dll+0x7da13d]
V  [jvm.dll+0x7dba83]
V  [jvm.dll+0x7dc0f3]
V  [jvm.dll+0x2449af]
V  [jvm.dll+0x676ce9]
V  [jvm.dll+0x66b852]
V  [jvm.dll+0x3018d6]
V  [jvm.dll+0x308e76]
V  [jvm.dll+0x3596ee]
V  [jvm.dll+0x35991f]
V  [jvm.dll+0x2d89a8]
V  [jvm.dll+0x2d9914]
V  [jvm.dll+0x7ac6b1]
V  [jvm.dll+0x366f61]
V  [jvm.dll+0x78b609]
V  [jvm.dll+0x3ec22f]
V  [jvm.dll+0x3ede61]
C  [jli.dll+0x5297]
C  [ucrtbase.dll+0x29333]
C  [KERNEL32.DLL+0x1257d]
C  [ntdll.dll+0x5af28]


---------------  P R O C E S S  ---------------

Threads class SMR info:
_java_thread_list=0x00007ffd9bbe7a18, length=0, elements={
}

Java Threads: ( => current thread )

Other Threads:
  0x0000016af6c4ad60 GCTaskThread "GC Thread#0" [stack: 0x000000421df00000,0x000000421e000000] [id=13072]
  0x0000016af6c5cd50 ConcurrentGCThread "G1 Main Marker" [stack: 0x000000421e000000,0x000000421e100000] [id=16128]
  0x0000016af6c5ee20 ConcurrentGCThread "G1 Conc#0" [stack: 0x000000421e100000,0x000000421e200000] [id=3268]

[error occurred during error reporting (printing all threads), id 0xc0000005, EXCEPTION_ACCESS_VIOLATION (0xc0000005) at pc=0x00007ffd9b419497]

VM state: not at safepoint (not fully initialized)

VM Mutex/Monitor currently owned by a thread:  ([mutex/lock_event])
[0x0000016af6bdb520] Heap_lock - owner thread: 0x0000016af6bdedd0

Heap address: 0x0000000702800000, size: 4056 MB, Compressed Oops mode: Zero based, Oop shift amount: 3

CDS archive(s) mapped at: [0x0000000000000000-0x0000000000000000-0x0000000000000000), size 0, SharedBaseAddress: 0x0000000800000000, ArchiveRelocationMode: 1.
Narrow klass base: 0x0000000000000000, Narrow klass shift: 0, Narrow klass range: 0x0

GC Precious Log:
<Empty>

Heap:
 garbage-first heap   total 0K, used 0K [0x0000000702800000, 0x0000000800000000)
  region size 2048K, 0 young (0K), 0 survivors (0K)

[error occurred during error reporting (printing heap information), id 0xc0000005, EXCEPTION_ACCESS_VIOLATION (0xc0000005) at pc=0x00007ffd9b803559]

GC Heap History (0 events):
No events

Deoptimization events (0 events):
No events

Classes unloaded (0 events):
No events

Classes redefined (0 events):
No events

Internal exceptions (0 events):
No events

VM Operations (0 events):
No events

Events (1 events):
Event: 0.005 Loaded shared library C:\Program Files\Java\jdk-17\bin\java.dll


Dynamic libraries:
0x00007ff6421d0000 - 0x00007ff6421e0000 	C:\Program Files\Java\jdk-17\bin\javaw.exe
0x00007ffe28b50000 - 0x00007ffe28d67000 	C:\Windows\SYSTEM32\ntdll.dll
0x00007ffe28350000 - 0x00007ffe28414000 	C:\Windows\System32\KERNEL32.DLL
0x00007ffe25fd0000 - 0x00007ffe2637d000 	C:\Windows\System32\KERNELBASE.dll
0x00007ffe26740000 - 0x00007ffe26851000 	C:\Windows\System32\ucrtbase.dll
0x00007ffe00740000 - 0x00007ffe0075b000 	C:\Program Files\Java\jdk-17\bin\VCRUNTIME140.dll
0x00007ffe11270000 - 0x00007ffe11289000 	C:\Program Files\Java\jdk-17\bin\jli.dll
0x00007ffe28a10000 - 0x00007ffe28ac2000 	C:\Windows\System32\ADVAPI32.dll
0x00007ffe269b0000 - 0x00007ffe26a57000 	C:\Windows\System32\msvcrt.dll
0x00007ffe27ea0000 - 0x00007ffe27f49000 	C:\Windows\System32\sechost.dll
0x00007ffe26860000 - 0x00007ffe26888000 	C:\Windows\System32\bcrypt.dll
0x00007ffe28640000 - 0x00007ffe28754000 	C:\Windows\System32\RPCRT4.dll
0x00007ffe27490000 - 0x00007ffe2763e000 	C:\Windows\System32\USER32.dll
0x00007ffe25e80000 - 0x00007ffe25ea6000 	C:\Windows\System32\win32u.dll
0x00007ffe0a980000 - 0x00007ffe0ac13000 	C:\Windows\WinSxS\amd64_microsoft.windows.common-controls_6595b64144ccf1df_6.0.22621.3672_none_2713b9d173822955\COMCTL32.dll
0x00007ffe26e00000 - 0x00007ffe26e29000 	C:\Windows\System32\GDI32.dll
0x00007ffe25eb0000 - 0x00007ffe25fc9000 	C:\Windows\System32\gdi32full.dll
0x00007ffe26380000 - 0x00007ffe2641a000 	C:\Windows\System32\msvcp_win.dll
0x00007ffe1fe20000 - 0x00007ffe1fe2a000 	C:\Windows\SYSTEM32\VERSION.dll
0x00007ffe28ad0000 - 0x00007ffe28b01000 	C:\Windows\System32\IMM32.DLL
0x00007ffe12190000 - 0x00007ffe1219c000 	C:\Program Files\Java\jdk-17\bin\vcruntime140_1.dll
0x00007ffdeaa70000 - 0x00007ffdeaafe000 	C:\Program Files\Java\jdk-17\bin\msvcp140.dll
0x00007ffd9b130000 - 0x00007ffd9bd10000 	C:\Program Files\Java\jdk-17\bin\server\jvm.dll
0x00007ffe26df0000 - 0x00007ffe26df8000 	C:\Windows\System32\PSAPI.DLL
0x00007ffe09cd0000 - 0x00007ffe09cd9000 	C:\Windows\SYSTEM32\WSOCK32.dll
0x00007ffe131c0000 - 0x00007ffe131f4000 	C:\Windows\SYSTEM32\WINMM.dll
0x00007ffe280b0000 - 0x00007ffe28121000 	C:\Windows\System32\WS2_32.dll
0x00007ffe24e50000 - 0x00007ffe24e68000 	C:\Windows\SYSTEM32\kernel.appcore.dll
0x00007ffe111a0000 - 0x00007ffe111aa000 	C:\Program Files\Java\jdk-17\bin\jimage.dll
0x00007ffdfff30000 - 0x00007ffe00162000 	C:\Windows\SYSTEM32\DBGHELP.DLL
0x00007ffe26a60000 - 0x00007ffe26de8000 	C:\Windows\System32\combase.dll
0x00007ffe27fd0000 - 0x00007ffe280a7000 	C:\Windows\System32\OLEAUT32.dll
0x00007ffdffeb0000 - 0x00007ffdffee2000 	C:\Windows\SYSTEM32\dbgcore.DLL
0x00007ffe264e0000 - 0x00007ffe2655b000 	C:\Windows\System32\bcryptPrimitives.dll
0x00007ffdfdfb0000 - 0x00007ffdfdfd5000 	C:\Program Files\Java\jdk-17\bin\java.dll

dbghelp: loaded successfully - version: 4.0.5 - missing functions: none
symbol engine: initialized successfully - sym options: 0x614 - pdb path: .;C:\Program Files\Java\jdk-17\bin;C:\Windows\SYSTEM32;C:\Windows\WinSxS\amd64_microsoft.windows.common-controls_6595b64144ccf1df_6.0.22621.3672_none_2713b9d173822955;C:\Program Files\Java\jdk-17\bin\server

VM Arguments:
jvm_args: -Dfile.encoding=UTF-8 -Dstdout.encoding=UTF-8 -Dstderr.encoding=UTF-8 -XX:+ShowCodeDetailsInExceptionMessages 
java_command: food.main.IndexMain
java_class_path (initial): D:\JAVA\Workspace\semi_fd_service\bin;D:\JAVA\Workspace\semi_fd_service\lib\lombok.jar;D:\JAVA\Workspace\semi_fd_service\lib\ojdbc11.jar
Launcher Type: SUN_STANDARD

[Global flags]
     intx CICompilerCount                          = 4                                         {product} {ergonomic}
     uint ConcGCThreads                            = 2                                         {product} {ergonomic}
     uint G1ConcRefinementThreads                  = 8                                         {product} {ergonomic}
   size_t G1HeapRegionSize                         = 2097152                                   {product} {ergonomic}
    uintx GCDrainStackTargetSize                   = 64                                        {product} {ergonomic}
   size_t InitialHeapSize                          = 266338304                                 {product} {ergonomic}
   size_t MarkStackSize                            = 4194304                                   {product} {ergonomic}
   size_t MaxHeapSize                              = 4253024256                                {product} {ergonomic}
   size_t MinHeapDeltaBytes                        = 2097152                                   {product} {ergonomic}
   size_t MinHeapSize                              = 8388608                                   {product} {ergonomic}
    uintx NonNMethodCodeHeapSize                   = 5839372                                {pd product} {ergonomic}
    uintx NonProfiledCodeHeapSize                  = 122909434                              {pd product} {ergonomic}
    uintx ProfiledCodeHeapSize                     = 122909434                              {pd product} {ergonomic}
    uintx ReservedCodeCacheSize                    = 251658240                              {pd product} {ergonomic}
     bool SegmentedCodeCache                       = true                                      {product} {ergonomic}
     bool ShowCodeDetailsInExceptionMessages       = true                                   {manageable} {command line}
   size_t SoftMaxHeapSize                          = 4253024256                             {manageable} {ergonomic}
     bool UseCompressedClassPointers               = true                           {product lp64_product} {ergonomic}
     bool UseCompressedOops                        = true                           {product lp64_product} {ergonomic}
     bool UseG1GC                                  = true                                      {product} {ergonomic}
     bool UseLargePagesIndividualAllocation        = false                                  {pd product} {ergonomic}

Logging:
Log output configuration:
 #0: stdout all=warning uptime,level,tags
 #1: stderr all=off uptime,level,tags

Environment Variables:
JAVA_HOME=C:\Program Files\Java\jdk-17
PATH=D:/eclipse//plugins/org.eclipse.justj.openjdk.hotspot.jre.full.win32.x86_64_21.0.3.v20240426-1530/jre/bin/server;D:/eclipse//plugins/org.eclipse.justj.openjdk.hotspot.jre.full.win32.x86_64_21.0.3.v20240426-1530/jre/bin;C:\app\bitcamp\product\21c\dbhomeXE\bin;"C:\Program Files\Java\jdk-17bin;";C:\Program Files\Common Files\Oracle\Java\javapath;C:\Windows\system32;C:\Windows;C:\Windows\System32\Wbem;C:\Windows\System32\WindowsPowerShell\v1.0\;C:\Windows\System32\OpenSSH\;C:\Program Files\Bandizip\;C:\Program Files\Git\cmd;C:\Users\bitcamp\AppData\Local\Microsoft\WindowsApps;;D:\eclipse;
USERNAME=bitcamp
OS=Windows_NT
PROCESSOR_IDENTIFIER=Intel64 Family 6 Model 158 Stepping 13, GenuineIntel



---------------  S Y S T E M  ---------------

OS:
 Windows 11 , 64 bit Build 22621 (10.0.22621.3672)
OS uptime: 7 days 2:33 hours

CPU: total 8 (initial active 8) (8 cores per cpu, 1 threads per core) family 6 model 158 stepping 13 microcode 0xec, cx8, cmov, fxsr, mmx, 3dnowpref, sse, sse2, sse3, ssse3, sse4.1, sse4.2, popcnt, lzcnt, tsc, tscinvbit, avx, avx2, aes, erms, clmul, bmi1, bmi2, adx, fma, vzeroupper, clflush, clflushopt

Memory: 4k page, system-wide physical 16222M (3590M free)
TotalPageFile size 33329M (AvailPageFile size 6M)
current process WorkingSet (physical memory assigned to process): 11M, peak: 11M
current process commit charge ("private bytes"): 60M, peak: 314M

vm_info: Java HotSpot(TM) 64-Bit Server VM (17.0.11+7-LTS-207) for windows-amd64 JRE (17.0.11+7-LTS-207), built on Mar 11 2024 19:01:50 by "mach5one" with MS VC++ 17.6 (VS2022)

END.
