#
# There is insufficient memory for the Java Runtime Environment to continue.
# Native memory allocation (mmap) failed to map 266338304 bytes for G1 virtual space
# Possible reasons:
#   The system is out of physical RAM or swap space
#   The process is running with CompressedOops enabled, and the Java Heap may be blocking the growth of the native heap
# Possible solutions:
#   Reduce memory load on the system
#   Increase physical memory or swap space
#   Check if swap backing store is full
#   Decrease Java heap size (-Xmx/-Xms)
#   Decrease number of Java threads
#   Decrease Java thread stack sizes (-Xss)
#   Set larger code cache with -XX:ReservedCodeCacheSize=
#   JVM is running with Zero Based Compressed Oops mode in which the Java heap is
#     placed in the first 32GB address space. The Java Heap base address is the
#     maximum limit for the native heap growth. Please use -XX:HeapBaseMinAddress
#     to set the Java Heap base and to place the Java Heap above 32GB virtual address.
# This output file may be truncated or incomplete.
#
#  Out of Memory Error (os_windows.cpp:3548), pid=1488, tid=16508
#
# JRE version:  (17.0.11+7) (build )
# Java VM: Java HotSpot(TM) 64-Bit Server VM (17.0.11+7-LTS-207, mixed mode, sharing, tiered, compressed oops, compressed class ptrs, g1 gc, windows-amd64)
# No core dump will be written. Minidumps are not enabled by default on client versions of Windows
#

---------------  S U M M A R Y ------------

Command Line: -Dfile.encoding=UTF-8 -Dstdout.encoding=UTF-8 -Dstderr.encoding=UTF-8 -XX:+ShowCodeDetailsInExceptionMessages food.main.IndexMain

Host: Intel(R) Core(TM) i7-9700 CPU @ 3.00GHz, 8 cores, 15G,  Windows 11 , 64 bit Build 22621 (10.0.22621.3672)
Time: Fri Aug  2 18:32:03 2024  Windows 11 , 64 bit Build 22621 (10.0.22621.3672) elapsed time: 0.011487 seconds (0d 0h 0m 0s)

---------------  T H R E A D  ---------------

Current thread (0x0000024bbe58e050):  JavaThread "Unknown thread" [_thread_in_vm, id=16508, stack(0x000000e61e600000,0x000000e61e700000)]

Stack: [0x000000e61e600000,0x000000e61e700000]
Native frames: (J=compiled Java code, j=interpreted, Vv=VM code, C=native code)
V  [jvm.dll+0x679cca]
V  [jvm.dll+0x7da13d]
V  [jvm.dll+0x7dba83]
V  [jvm.dll+0x7dc0f3]
V  [jvm.dll+0x2449af]
V  [jvm.dll+0x676ce9]
V  [jvm.dll+0x66b852]
V  [jvm.dll+0x3018d6]
V  [jvm.dll+0x308e76]
V  [jvm.dll+0x3596ee]
V  [jvm.dll+0x35991f]
V  [jvm.dll+0x2d89a8]
V  [jvm.dll+0x2d9914]
V  [jvm.dll+0x7ac6b1]
V  [jvm.dll+0x366f61]
V  [jvm.dll+0x78b609]
V  [jvm.dll+0x3ec22f]
V  [jvm.dll+0x3ede61]
C  [jli.dll+0x5297]
C  [ucrtbase.dll+0x29333]
C  [KERNEL32.DLL+0x1257d]
C  [ntdll.dll+0x5af28]


---------------  P R O C E S S  ---------------

Threads class SMR info:
_java_thread_list=0x00007ffc41997a18, length=0, elements={
}

Java Threads: ( => current thread )

Other Threads:
  0x0000024bbe5fbe20 GCTaskThread "GC Thread#0" [stack: 0x000000e61e700000,0x000000e61e800000] [id=16504]
  0x0000024bbe60c9f0 ConcurrentGCThread "G1 Main Marker" [stack: 0x000000e61e800000,0x000000e61e900000] [id=10372]
  0x0000024bbe60eab0 ConcurrentGCThread "G1 Conc#0" [stack: 0x000000e61e900000,0x000000e61ea00000] [id=15852]

[error occurred during error reporting (printing all threads), id 0xc0000005, EXCEPTION_ACCESS_VIOLATION (0xc0000005) at pc=0x00007ffc411c9497]

VM state: not at safepoint (not fully initialized)

VM Mutex/Monitor currently owned by a thread:  ([mutex/lock_event])
[0x0000024bbe5886f0] Heap_lock - owner thread: 0x0000024bbe58e050

Heap address: 0x0000000702800000, size: 4056 MB, Compressed Oops mode: Zero based, Oop shift amount: 3

CDS archive(s) mapped at: [0x0000000000000000-0x0000000000000000-0x0000000000000000), size 0, SharedBaseAddress: 0x0000000800000000, ArchiveRelocationMode: 1.
Narrow klass base: 0x0000000000000000, Narrow klass shift: 0, Narrow klass range: 0x0

GC Precious Log:
<Empty>

Heap:
 garbage-first heap   total 0K, used 0K [0x0000000702800000, 0x0000000800000000)
  region size 2048K, 0 young (0K), 0 survivors (0K)

[error occurred during error reporting (printing heap information), id 0xc0000005, EXCEPTION_ACCESS_VIOLATION (0xc0000005) at pc=0x00007ffc415b3559]

GC Heap History (0 events):
No events

Deoptimization events (0 events):
No events

Classes unloaded (0 events):
No events

Classes redefined (0 events):
No events

Internal exceptions (0 events):
No events

VM Operations (0 events):
No events

Events (1 events):
Event: 0.006 Loaded shared library C:\Program Files\Java\jdk-17\bin\java.dll


Dynamic libraries:
0x00007ff7ff560000 - 0x00007ff7ff570000 	C:\Program Files\Java\jdk-17\bin\javaw.exe
0x00007ffcdb870000 - 0x00007ffcdba87000 	C:\Windows\SYSTEM32\ntdll.dll
0x00007ffcda5b0000 - 0x00007ffcda674000 	C:\Windows\System32\KERNEL32.DLL
0x00007ffcd8cf0000 - 0x00007ffcd909d000 	C:\Windows\System32\KERNELBASE.dll
0x00007ffcd9490000 - 0x00007ffcd95a1000 	C:\Windows\System32\ucrtbase.dll
0x00007ffcac660000 - 0x00007ffcac67b000 	C:\Program Files\Java\jdk-17\bin\VCRUNTIME140.dll
0x00007ffc9f140000 - 0x00007ffc9f159000 	C:\Program Files\Java\jdk-17\bin\jli.dll
0x00007ffcdaa80000 - 0x00007ffcdab32000 	C:\Windows\System32\ADVAPI32.dll
0x00007ffcda690000 - 0x00007ffcda737000 	C:\Windows\System32\msvcrt.dll
0x00007ffcdb5c0000 - 0x00007ffcdb669000 	C:\Windows\System32\sechost.dll
0x00007ffcd9460000 - 0x00007ffcd9488000 	C:\Windows\System32\bcrypt.dll
0x00007ffcda280000 - 0x00007ffcda394000 	C:\Windows\System32\RPCRT4.dll
0x00007ffcda080000 - 0x00007ffcda22e000 	C:\Windows\System32\USER32.dll
0x00007ffcd8ba0000 - 0x00007ffcd8bc6000 	C:\Windows\System32\win32u.dll
0x00007ffcdb480000 - 0x00007ffcdb4a9000 	C:\Windows\System32\GDI32.dll
0x00007ffcd8bd0000 - 0x00007ffcd8ce9000 	C:\Windows\System32\gdi32full.dll
0x00007ffcd9160000 - 0x00007ffcd91fa000 	C:\Windows\System32\msvcp_win.dll
0x00007ffcaf2d0000 - 0x00007ffcaf563000 	C:\Windows\WinSxS\amd64_microsoft.windows.common-controls_6595b64144ccf1df_6.0.22621.3672_none_2713b9d173822955\COMCTL32.dll
0x00007ffcd5490000 - 0x00007ffcd549a000 	C:\Windows\SYSTEM32\VERSION.dll
0x00007ffcda230000 - 0x00007ffcda261000 	C:\Windows\System32\IMM32.DLL
0x00007ffcadaf0000 - 0x00007ffcadafc000 	C:\Program Files\Java\jdk-17\bin\vcruntime140_1.dll
0x00007ffc8afc0000 - 0x00007ffc8b04e000 	C:\Program Files\Java\jdk-17\bin\msvcp140.dll
0x00007ffc40ee0000 - 0x00007ffc41ac0000 	C:\Program Files\Java\jdk-17\bin\server\jvm.dll
0x00007ffcda680000 - 0x00007ffcda688000 	C:\Windows\System32\PSAPI.DLL
0x00007ffcb3910000 - 0x00007ffcb3919000 	C:\Windows\SYSTEM32\WSOCK32.dll
0x00007ffcc30c0000 - 0x00007ffcc30f4000 	C:\Windows\SYSTEM32\WINMM.dll
0x00007ffcdb540000 - 0x00007ffcdb5b1000 	C:\Windows\System32\WS2_32.dll
0x00007ffcd7bd0000 - 0x00007ffcd7be8000 	C:\Windows\SYSTEM32\kernel.appcore.dll
0x00007ffcac960000 - 0x00007ffcac96a000 	C:\Program Files\Java\jdk-17\bin\jimage.dll
0x00007ffcacf10000 - 0x00007ffcad142000 	C:\Windows\SYSTEM32\DBGHELP.DLL
0x00007ffcd9bf0000 - 0x00007ffcd9f78000 	C:\Windows\System32\combase.dll
0x00007ffcdab40000 - 0x00007ffcdac17000 	C:\Windows\System32\OLEAUT32.dll
0x00007ffcaced0000 - 0x00007ffcacf02000 	C:\Windows\SYSTEM32\dbgcore.DLL
0x00007ffcd9270000 - 0x00007ffcd92eb000 	C:\Windows\System32\bcryptPrimitives.dll
0x00007ffc8df80000 - 0x00007ffc8dfa5000 	C:\Program Files\Java\jdk-17\bin\java.dll

dbghelp: loaded successfully - version: 4.0.5 - missing functions: none
symbol engine: initialized successfully - sym options: 0x614 - pdb path: .;C:\Program Files\Java\jdk-17\bin;C:\Windows\SYSTEM32;C:\Windows\WinSxS\amd64_microsoft.windows.common-controls_6595b64144ccf1df_6.0.22621.3672_none_2713b9d173822955;C:\Program Files\Java\jdk-17\bin\server

VM Arguments:
jvm_args: -Dfile.encoding=UTF-8 -Dstdout.encoding=UTF-8 -Dstderr.encoding=UTF-8 -XX:+ShowCodeDetailsInExceptionMessages 
java_command: food.main.IndexMain
java_class_path (initial): D:\git\workspace\semi_food_service\bin;D:\git\workspace\semi_food_service\lib\lombok.jar;D:\git\workspace\semi_food_service\lib\ojdbc11.jar
Launcher Type: SUN_STANDARD

[Global flags]
     intx CICompilerCount                          = 4                                         {product} {ergonomic}
     uint ConcGCThreads                            = 2                                         {product} {ergonomic}
     uint G1ConcRefinementThreads                  = 8                                         {product} {ergonomic}
   size_t G1HeapRegionSize                         = 2097152                                   {product} {ergonomic}
    uintx GCDrainStackTargetSize                   = 64                                        {product} {ergonomic}
   size_t InitialHeapSize                          = 266338304                                 {product} {ergonomic}
   size_t MarkStackSize                            = 4194304                                   {product} {ergonomic}
   size_t MaxHeapSize                              = 4253024256                                {product} {ergonomic}
   size_t MinHeapDeltaBytes                        = 2097152                                   {product} {ergonomic}
   size_t MinHeapSize                              = 8388608                                   {product} {ergonomic}
    uintx NonNMethodCodeHeapSize                   = 5839372                                {pd product} {ergonomic}
    uintx NonProfiledCodeHeapSize                  = 122909434                              {pd product} {ergonomic}
    uintx ProfiledCodeHeapSize                     = 122909434                              {pd product} {ergonomic}
    uintx ReservedCodeCacheSize                    = 251658240                              {pd product} {ergonomic}
     bool SegmentedCodeCache                       = true                                      {product} {ergonomic}
     bool ShowCodeDetailsInExceptionMessages       = true                                   {manageable} {command line}
   size_t SoftMaxHeapSize                          = 4253024256                             {manageable} {ergonomic}
     bool UseCompressedClassPointers               = true                           {product lp64_product} {ergonomic}
     bool UseCompressedOops                        = true                           {product lp64_product} {ergonomic}
     bool UseG1GC                                  = true                                      {product} {ergonomic}
     bool UseLargePagesIndividualAllocation        = false                                  {pd product} {ergonomic}

Logging:
Log output configuration:
 #0: stdout all=warning uptime,level,tags
 #1: stderr all=off uptime,level,tags

Environment Variables:
JAVA_HOME=C:\Program Files\Java\jdk-17
PATH=D:/Eclipse/eclipse//plugins/org.eclipse.justj.openjdk.hotspot.jre.full.win32.x86_64_21.0.3.v20240426-1530/jre/bin/server;D:/Eclipse/eclipse//plugins/org.eclipse.justj.openjdk.hotspot.jre.full.win32.x86_64_21.0.3.v20240426-1530/jre/bin;C:\app\bitcamp\product\21c\dbhomeXE\bin;C:\Program Files\Java\jdk-17bin;C:\Program Files\Common Files\Oracle\Java\javapath;C:\Windows\system32;C:\Windows;C:\Windows\System32\Wbem;C:\Windows\System32\WindowsPowerShell\v1.0\;C:\Windows\System32\OpenSSH\;C:\Program Files\Bandizip\;C:\Program Files\Git\cmd;C:\Users\bitcamp\AppData\Local\Microsoft\WindowsApps;C:\Users\bitcamp\AppData\Local\GitHubDesktop\bin;D:\Eclipse\eclipse;
USERNAME=bitcamp
OS=Windows_NT
PROCESSOR_IDENTIFIER=Intel64 Family 6 Model 158 Stepping 13, GenuineIntel



---------------  S Y S T E M  ---------------

OS:
 Windows 11 , 64 bit Build 22621 (10.0.22621.3672)
OS uptime: 0 days 4:05 hours

CPU: total 8 (initial active 8) (8 cores per cpu, 1 threads per core) family 6 model 158 stepping 13 microcode 0xec, cx8, cmov, fxsr, mmx, 3dnowpref, sse, sse2, sse3, ssse3, sse4.1, sse4.2, popcnt, lzcnt, tsc, tscinvbit, avx, avx2, aes, erms, clmul, bmi1, bmi2, adx, fma, vzeroupper, clflush, clflushopt

Memory: 4k page, system-wide physical 16222M (7374M free)
TotalPageFile size 20868M (AvailPageFile size 47M)
current process WorkingSet (physical memory assigned to process): 11M, peak: 11M
current process commit charge ("private bytes"): 60M, peak: 314M

vm_info: Java HotSpot(TM) 64-Bit Server VM (17.0.11+7-LTS-207) for windows-amd64 JRE (17.0.11+7-LTS-207), built on Mar 11 2024 19:01:50 by "mach5one" with MS VC++ 17.6 (VS2022)

END.
